12/07/2019 12:56:41.525 [VixenApplication.Program] Vixen app starting. 
12/07/2019 12:56:42.322 [VixenApplication.VixenApplication] Starting JIT Profiler 
12/07/2019 12:56:42.337 [VixenApplication.VixenApplication] Completed JIT Profiler 
12/07/2019 12:56:42.337 [VixenApplication.VixenApplication] Processing Profiles 
12/07/2019 12:56:42.353 [VixenApplication.VixenApplication] Finished Processing Profiles 
12/07/2019 12:56:42.369 [VixenApplication.VixenApplication] Release 3.6u3 - Build #927 
12/07/2019 12:56:42.494 [VixenApplication.VixenApplication] .NET Runtime is: 4.8.4018.0 
12/07/2019 12:56:42.556 [Vixen.Sys.VixenSystem] Vixen System starting up... 
12/07/2019 12:56:44.962 [VersionControl.Module] Initializing version control. Enabled:False. 
12/07/2019 12:56:44.962 [VersionControl.Module] Initializing version control complete. 
12/07/2019 12:56:45.275 [Vixen.Sys.State.Execution.OpeningState] Vixen execution engine entering the open state... 
12/07/2019 12:56:45.306 [Vixen.Sys.State.Execution.OpenState] Vixen execution engine entered the open state. 
12/07/2019 12:56:45.306 [Vixen.Sys.VixenSystem] Vixen System successfully started. 
12/07/2019 12:57:49.410 [VixenApplication.NLogListener] Application.MainWindow is null, cannot subscribe to keyboard events, subscribed to Application.Activated event 
12/07/2019 12:57:51.705 [Vixen.Sys.VixenSystem] Vixen System stopping... 
12/07/2019 12:57:51.715 [Vixen.Sys.State.Execution.ClosingState] Vixen execution engine entering the closing state... 
12/07/2019 12:57:51.759 [Vixen.Sys.State.Execution.ClosedState] Vixen execution engine entered the closed state. 
12/07/2019 12:57:51.820 [Vixen.Sys.VixenSystem] Vixen System successfully stopped. 
12/07/2019 12:59:05.884 [VixenApplication.Program] Vixen app starting. 
12/07/2019 12:59:06.493 [VixenApplication.VixenApplication] Starting JIT Profiler 
12/07/2019 12:59:06.509 [VixenApplication.VixenApplication] Completed JIT Profiler 
12/07/2019 12:59:06.509 [VixenApplication.VixenApplication] Processing Profiles 
12/07/2019 12:59:06.509 [VixenApplication.VixenApplication] Finished Processing Profiles 
12/07/2019 12:59:06.525 [VixenApplication.VixenApplication] Release 3.6u3 - Build #927 
12/07/2019 12:59:06.618 [VixenApplication.VixenApplication] .NET Runtime is: 4.8.4018.0 
12/07/2019 12:59:06.665 [Vixen.Sys.VixenSystem] Vixen System starting up... 
12/07/2019 12:59:08.243 [VersionControl.Module] Initializing version control. Enabled:False. 
12/07/2019 12:59:08.259 [VersionControl.Module] Initializing version control complete. 
12/07/2019 12:59:08.462 [Vixen.Sys.State.Execution.OpeningState] Vixen execution engine entering the open state... 
12/07/2019 12:59:08.493 [Vixen.Sys.State.Execution.OpenState] Vixen execution engine entered the open state. 
12/07/2019 12:59:08.493 [Vixen.Sys.VixenSystem] Vixen System successfully started. 
12/07/2019 12:59:40.046 [VixenApplication.NLogListener] Application.MainWindow is null, cannot subscribe to keyboard events, subscribed to Application.Activated event 
12/07/2019 12:59:42.836 [Vixen.Sys.VixenSystem] Vixen System stopping... 
12/07/2019 12:59:42.846 [Vixen.Sys.State.Execution.ClosingState] Vixen execution engine entering the closing state... 
12/07/2019 12:59:42.886 [Vixen.Sys.State.Execution.ClosedState] Vixen execution engine entered the closed state. 
12/07/2019 12:59:42.916 [Vixen.Sys.VixenSystem] Vixen System successfully stopped. 
12/07/2019 13:03:16.298 [VixenApplication.Program] Vixen app starting. 
12/07/2019 13:03:16.798 [VixenApplication.VixenApplication] Starting JIT Profiler 
12/07/2019 13:03:16.798 [VixenApplication.VixenApplication] Completed JIT Profiler 
12/07/2019 13:03:16.798 [VixenApplication.VixenApplication] Processing Profiles 
12/07/2019 13:03:16.814 [VixenApplication.VixenApplication] Finished Processing Profiles 
12/07/2019 13:03:16.829 [VixenApplication.VixenApplication] Release 3.6u3 - Build #927 
12/07/2019 13:03:16.939 [VixenApplication.VixenApplication] .NET Runtime is: 4.8.4018.0 
12/07/2019 13:03:16.986 [Vixen.Sys.VixenSystem] Vixen System starting up... 
12/07/2019 13:03:18.782 [VersionControl.Module] Initializing version control. Enabled:False. 
12/07/2019 13:03:18.782 [VersionControl.Module] Initializing version control complete. 
12/07/2019 13:03:19.017 [Vixen.Sys.State.Execution.OpeningState] Vixen execution engine entering the open state... 
12/07/2019 13:03:19.048 [Vixen.Sys.State.Execution.OpenState] Vixen execution engine entered the open state. 
12/07/2019 13:03:19.048 [Vixen.Sys.VixenSystem] Vixen System successfully started. 
12/07/2019 13:38:20.986 [VixenApplication.NLogListener] Application.MainWindow is null, cannot subscribe to keyboard events, subscribed to Application.Activated event 
12/07/2019 13:38:24.181 [Vixen.Sys.VixenSystem] Vixen System stopping... 
12/07/2019 13:38:24.181 [Vixen.Sys.State.Execution.ClosingState] Vixen execution engine entering the closing state... 
12/07/2019 13:38:24.214 [Vixen.Sys.State.Execution.ClosedState] Vixen execution engine entered the closed state. 
12/07/2019 13:38:24.246 [Vixen.Sys.VixenSystem] Vixen System successfully stopped. 
12/07/2019 14:00:39.821 [VixenApplication.Program] Vixen app starting. 
12/07/2019 14:00:40.227 [VixenApplication.VixenApplication] Starting JIT Profiler 
12/07/2019 14:00:40.227 [VixenApplication.VixenApplication] Completed JIT Profiler 
12/07/2019 14:00:40.242 [VixenApplication.VixenApplication] Processing Profiles 
12/07/2019 14:00:40.242 [VixenApplication.VixenApplication] Finished Processing Profiles 
12/07/2019 14:00:40.274 [VixenApplication.VixenApplication] Release 3.6u3 - Build #927 
12/07/2019 14:00:40.352 [VixenApplication.VixenApplication] .NET Runtime is: 4.8.4018.0 
12/07/2019 14:00:40.399 [Vixen.Sys.VixenSystem] Vixen System starting up... 
12/07/2019 14:00:42.227 [VersionControl.Module] Initializing version control. Enabled:False. 
12/07/2019 14:00:42.227 [VersionControl.Module] Initializing version control complete. 
12/07/2019 14:00:42.508 [Vixen.Sys.State.Execution.OpeningState] Vixen execution engine entering the open state... 
12/07/2019 14:00:42.539 [VixenModules.Output.GenericSerial.Module] Starting retry counter for com port access. Retry count is 1 
12/07/2019 14:00:42.539 [Vixen.Sys.State.Execution.OpenState] Vixen execution engine entered the open state. 
12/07/2019 14:00:42.539 [Vixen.Sys.VixenSystem] Vixen System successfully started. 
12/07/2019 14:02:42.546 [VixenModules.Output.GenericSerial.Module] Attempting to start serial controller. 
12/07/2019 14:02:42.546 [VixenModules.Output.GenericSerial.Module] Starting retry counter for com port access. Retry count is 2 
12/07/2019 14:04:06.965 [VixenApplication.NLogListener] Application.MainWindow is null, cannot subscribe to keyboard events, subscribed to Application.Activated event 
12/07/2019 14:04:09.875 [Vixen.Sys.VixenSystem] Vixen System stopping... 
12/07/2019 14:04:09.885 [Vixen.Sys.State.Execution.ClosingState] Vixen execution engine entering the closing state... 
12/07/2019 14:04:09.915 [Vixen.Sys.State.Execution.ClosedState] Vixen execution engine entered the closed state. 
12/07/2019 14:04:09.950 [Vixen.Sys.VixenSystem] Vixen System successfully stopped. 
12/07/2019 14:04:12.458 [VixenApplication.Program] Vixen app starting. 
12/07/2019 14:04:12.849 [VixenApplication.VixenApplication] Starting JIT Profiler 
12/07/2019 14:04:12.849 [VixenApplication.VixenApplication] Completed JIT Profiler 
12/07/2019 14:04:12.849 [VixenApplication.VixenApplication] Processing Profiles 
12/07/2019 14:04:12.849 [VixenApplication.VixenApplication] Finished Processing Profiles 
12/07/2019 14:04:12.865 [VixenApplication.VixenApplication] Release 3.6u3 - Build #927 
12/07/2019 14:04:12.958 [VixenApplication.VixenApplication] .NET Runtime is: 4.8.4018.0 
12/07/2019 14:04:13.005 [Vixen.Sys.VixenSystem] Vixen System starting up... 
12/07/2019 14:04:14.677 [VersionControl.Module] Initializing version control. Enabled:False. 
12/07/2019 14:04:14.677 [VersionControl.Module] Initializing version control complete. 
12/07/2019 14:04:14.958 [Vixen.Sys.State.Execution.OpeningState] Vixen execution engine entering the open state... 
12/07/2019 14:04:14.974 [Vixen.Sys.State.Execution.OpenState] Vixen execution engine entered the open state. 
12/07/2019 14:04:14.974 [Vixen.Sys.VixenSystem] Vixen System successfully started. 
12/07/2019 14:14:29.824 [VixenApplication.Program] Vixen app starting. 
12/07/2019 14:14:30.246 [VixenApplication.VixenApplication] Starting JIT Profiler 
12/07/2019 14:14:30.246 [VixenApplication.VixenApplication] Completed JIT Profiler 
12/07/2019 14:14:30.246 [VixenApplication.VixenApplication] Processing Profiles 
12/07/2019 14:14:30.246 [VixenApplication.VixenApplication] Finished Processing Profiles 
12/07/2019 14:14:30.261 [VixenApplication.VixenApplication] Release 3.6u3 - Build #927 
12/07/2019 14:14:30.355 [VixenApplication.VixenApplication] .NET Runtime is: 4.8.4018.0 
12/07/2019 14:14:30.402 [Vixen.Sys.VixenSystem] Vixen System starting up... 
12/07/2019 14:14:32.089 [VersionControl.Module] Initializing version control. Enabled:False. 
12/07/2019 14:14:32.105 [VersionControl.Module] Initializing version control complete. 
12/07/2019 14:14:32.339 [Vixen.Sys.State.Execution.OpeningState] Vixen execution engine entering the open state... 
12/07/2019 14:14:32.355 [Vixen.Sys.State.Execution.OpenState] Vixen execution engine entered the open state. 
12/07/2019 14:14:32.355 [Vixen.Sys.VixenSystem] Vixen System successfully started. 
12/07/2019 14:15:38.171 [VixenApplication.Program] Vixen app starting. 
12/07/2019 14:15:38.749 [VixenApplication.VixenApplication] Starting JIT Profiler 
12/07/2019 14:15:38.749 [VixenApplication.VixenApplication] Completed JIT Profiler 
12/07/2019 14:15:38.765 [VixenApplication.VixenApplication] Processing Profiles 
12/07/2019 14:15:38.765 [VixenApplication.VixenApplication] Finished Processing Profiles 
12/07/2019 14:15:38.796 [VixenApplication.VixenApplication] Release 3.6u3 - Build #927 
12/07/2019 14:15:38.905 [VixenApplication.VixenApplication] .NET Runtime is: 4.8.4018.0 
12/07/2019 14:15:38.999 [Vixen.Sys.VixenSystem] Vixen System starting up... 
12/07/2019 14:15:40.780 [VersionControl.Module] Initializing version control. Enabled:False. 
12/07/2019 14:15:40.780 [VersionControl.Module] Initializing version control complete. 
12/07/2019 14:15:41.046 [Vixen.Sys.State.Execution.OpeningState] Vixen execution engine entering the open state... 
12/07/2019 14:15:41.077 [Vixen.Sys.State.Execution.OpenState] Vixen execution engine entered the open state. 
12/07/2019 14:15:41.077 [Vixen.Sys.VixenSystem] Vixen System successfully started. 
12/07/2019 14:15:41.572 [VixenApplication.Program] Vixen app starting. 
12/07/2019 14:15:41.989 [VixenApplication.VixenApplication] Starting JIT Profiler 
12/07/2019 14:15:41.989 [VixenApplication.VixenApplication] Completed JIT Profiler 
12/07/2019 14:15:42.004 [VixenApplication.VixenApplication] Processing Profiles 
12/07/2019 14:15:42.004 [VixenApplication.VixenApplication] Finished Processing Profiles 
12/07/2019 14:16:23.924 [VixenApplication.Program] Vixen app starting. 
12/07/2019 14:16:24.410 [VixenApplication.VixenApplication] Starting JIT Profiler 
12/07/2019 14:16:24.410 [VixenApplication.VixenApplication] Completed JIT Profiler 
12/07/2019 14:16:24.425 [VixenApplication.VixenApplication] Processing Profiles 
12/07/2019 14:16:24.425 [VixenApplication.VixenApplication] Finished Processing Profiles 
12/07/2019 14:16:24.441 [VixenApplication.VixenApplication] Release 3.6u3 - Build #927 
12/07/2019 14:16:24.550 [VixenApplication.VixenApplication] .NET Runtime is: 4.8.4018.0 
12/07/2019 14:16:24.597 [Vixen.Sys.VixenSystem] Vixen System starting up... 
12/07/2019 14:16:26.238 [VersionControl.Module] Initializing version control. Enabled:False. 
12/07/2019 14:16:26.238 [VersionControl.Module] Initializing version control complete. 
12/07/2019 14:16:26.456 [Vixen.Sys.State.Execution.OpeningState] Vixen execution engine entering the open state... 
12/07/2019 14:16:26.488 [Vixen.Sys.State.Execution.OpenState] Vixen execution engine entered the open state. 
12/07/2019 14:16:26.488 [Vixen.Sys.VixenSystem] Vixen System successfully started. 
12/07/2019 14:17:24.081 [VixenApplication.Program] Vixen app starting. 
12/07/2019 14:17:24.550 [VixenApplication.VixenApplication] Starting JIT Profiler 
12/07/2019 14:17:24.550 [VixenApplication.VixenApplication] Completed JIT Profiler 
12/07/2019 14:17:24.565 [VixenApplication.VixenApplication] Processing Profiles 
12/07/2019 14:17:24.581 [VixenApplication.VixenApplication] Finished Processing Profiles 
12/07/2019 14:17:24.597 [VixenApplication.VixenApplication] Release 3.6u3 - Build #927 
12/07/2019 14:17:24.690 [VixenApplication.VixenApplication] .NET Runtime is: 4.8.4018.0 
12/07/2019 14:17:24.737 [Vixen.Sys.VixenSystem] Vixen System starting up... 
12/07/2019 14:17:26.362 [VersionControl.Module] Initializing version control. Enabled:False. 
12/07/2019 14:17:26.378 [VersionControl.Module] Initializing version control complete. 
12/07/2019 14:17:26.643 [Vixen.Sys.State.Execution.OpeningState] Vixen execution engine entering the open state... 
12/07/2019 14:17:26.675 [Vixen.Sys.State.Execution.OpenState] Vixen execution engine entered the open state. 
12/07/2019 14:17:26.675 [Vixen.Sys.VixenSystem] Vixen System successfully started. 
12/07/2019 14:17:35.742 [VixenApplication.NLogListener] Application.MainWindow is null, cannot subscribe to keyboard events, subscribed to Application.Activated event 
12/07/2019 14:19:08.484 [VixenApplication.Program] Vixen app starting. 
12/07/2019 14:19:09.031 [VixenApplication.VixenApplication] Starting JIT Profiler 
12/07/2019 14:19:09.031 [VixenApplication.VixenApplication] Completed JIT Profiler 
12/07/2019 14:19:09.031 [VixenApplication.VixenApplication] Processing Profiles 
12/07/2019 14:19:09.047 [VixenApplication.VixenApplication] Finished Processing Profiles 
12/07/2019 14:19:09.062 [VixenApplication.VixenApplication] Release 3.6u3 - Build #927 
12/07/2019 14:19:09.156 [VixenApplication.VixenApplication] .NET Runtime is: 4.8.4018.0 
12/07/2019 14:19:09.187 [Vixen.Sys.VixenSystem] Vixen System starting up... 
12/07/2019 14:19:10.797 [VersionControl.Module] Initializing version control. Enabled:False. 
12/07/2019 14:19:10.797 [VersionControl.Module] Initializing version control complete. 
12/07/2019 14:19:11.015 [Vixen.Sys.State.Execution.OpeningState] Vixen execution engine entering the open state... 
12/07/2019 14:19:11.047 [VixenModules.Output.GenericSerial.Module] Starting retry counter for com port access. Retry count is 1 
12/07/2019 14:19:11.047 [Vixen.Sys.State.Execution.OpenState] Vixen execution engine entered the open state. 
12/07/2019 14:19:11.047 [Vixen.Sys.VixenSystem] Vixen System successfully started. 
12/07/2019 14:21:11.056 [VixenModules.Output.GenericSerial.Module] Attempting to start serial controller. 
12/07/2019 14:21:11.056 [VixenModules.Output.GenericSerial.Module] Starting retry counter for com port access. Retry count is 2 
12/07/2019 14:23:11.074 [VixenModules.Output.GenericSerial.Module] Attempting to start serial controller. 
12/07/2019 14:23:11.074 [VixenModules.Output.GenericSerial.Module] Starting retry counter for com port access. Retry count is 3 
12/07/2019 14:23:23.144 [VixenApplication.NLogListener] Application.MainWindow is null, cannot subscribe to keyboard events, subscribed to Application.Activated event 
12/07/2019 14:23:42.524 [Vixen.Sys.VixenSystem] Vixen System stopping... 
12/07/2019 14:23:42.529 [Vixen.Sys.State.Execution.ClosingState] Vixen execution engine entering the closing state... 
12/07/2019 14:23:42.569 [Vixen.Sys.State.Execution.ClosedState] Vixen execution engine entered the closed state. 
12/07/2019 14:23:42.604 [Vixen.Sys.VixenSystem] Vixen System successfully stopped. 
12/07/2019 14:23:44.881 [VixenApplication.Program] Vixen app starting. 
12/07/2019 14:23:45.303 [VixenApplication.VixenApplication] Starting JIT Profiler 
12/07/2019 14:23:45.303 [VixenApplication.VixenApplication] Completed JIT Profiler 
12/07/2019 14:23:45.318 [VixenApplication.VixenApplication] Processing Profiles 
12/07/2019 14:23:45.318 [VixenApplication.VixenApplication] Finished Processing Profiles 
12/07/2019 14:23:45.334 [VixenApplication.VixenApplication] Release 3.6u3 - Build #927 
12/07/2019 14:23:45.428 [VixenApplication.VixenApplication] .NET Runtime is: 4.8.4018.0 
12/07/2019 14:23:45.475 [Vixen.Sys.VixenSystem] Vixen System starting up... 
12/07/2019 14:23:47.006 [VersionControl.Module] Initializing version control. Enabled:False. 
12/07/2019 14:23:47.006 [VersionControl.Module] Initializing version control complete. 
12/07/2019 14:23:47.209 [Vixen.Sys.State.Execution.OpeningState] Vixen execution engine entering the open state... 
12/07/2019 14:23:47.240 [Vixen.Sys.State.Execution.OpenState] Vixen execution engine entered the open state. 
12/07/2019 14:23:47.240 [Vixen.Sys.VixenSystem] Vixen System successfully started. 
12/07/2019 14:31:06.852 [VixenApplication.NLogListener] Application.MainWindow is null, cannot subscribe to keyboard events, subscribed to Application.Activated event 
12/07/2019 14:31:09.512 [Vixen.Sys.VixenSystem] Vixen System stopping... 
12/07/2019 14:31:09.512 [Vixen.Sys.State.Execution.ClosingState] Vixen execution engine entering the closing state... 
12/07/2019 14:31:09.556 [Vixen.Sys.State.Execution.ClosedState] Vixen execution engine entered the closed state. 
12/07/2019 14:31:09.622 [Vixen.Sys.VixenSystem] Vixen System successfully stopped. 
12/07/2019 14:35:58.573 [VixenApplication.Program] Vixen app starting. 
12/07/2019 14:35:58.964 [VixenApplication.VixenApplication] Starting JIT Profiler 
12/07/2019 14:35:58.964 [VixenApplication.VixenApplication] Completed JIT Profiler 
12/07/2019 14:35:58.979 [VixenApplication.VixenApplication] Processing Profiles 
12/07/2019 14:35:58.979 [VixenApplication.VixenApplication] Finished Processing Profiles 
12/07/2019 14:35:58.995 [VixenApplication.VixenApplication] Release 3.6u3 - Build #927 
12/07/2019 14:35:59.089 [VixenApplication.VixenApplication] .NET Runtime is: 4.8.4018.0 
12/07/2019 14:35:59.120 [Vixen.Sys.VixenSystem] Vixen System starting up... 
12/07/2019 14:36:00.823 [VersionControl.Module] Initializing version control. Enabled:False. 
12/07/2019 14:36:00.823 [VersionControl.Module] Initializing version control complete. 
12/07/2019 14:36:01.026 [Vixen.Sys.State.Execution.OpeningState] Vixen execution engine entering the open state... 
12/07/2019 14:36:01.057 [Vixen.Sys.State.Execution.OpenState] Vixen execution engine entered the open state. 
12/07/2019 14:36:01.057 [Vixen.Sys.VixenSystem] Vixen System successfully started. 
12/07/2019 14:46:01.259 [VixenApplication.NLogListener] Application.MainWindow is null, cannot subscribe to keyboard events, subscribed to Application.Activated event 
12/07/2019 14:46:03.944 [Vixen.Sys.VixenSystem] Vixen System stopping... 
12/07/2019 14:46:03.954 [Vixen.Sys.State.Execution.ClosingState] Vixen execution engine entering the closing state... 
12/07/2019 14:46:04.004 [Vixen.Sys.State.Execution.ClosedState] Vixen execution engine entered the closed state. 
12/07/2019 14:46:04.054 [Vixen.Sys.VixenSystem] Vixen System successfully stopped. 
12/07/2019 17:32:50.702 [VixenApplication.Program] Vixen app starting. 
12/07/2019 17:32:51.531 [VixenApplication.VixenApplication] Starting JIT Profiler 
12/07/2019 17:32:51.546 [VixenApplication.VixenApplication] Completed JIT Profiler 
12/07/2019 17:32:51.546 [VixenApplication.VixenApplication] Processing Profiles 
12/07/2019 17:32:51.546 [VixenApplication.VixenApplication] Finished Processing Profiles 
12/07/2019 17:32:51.593 [VixenApplication.VixenApplication] Release 3.6u3 - Build #927 
12/07/2019 17:32:51.749 [VixenApplication.VixenApplication] .NET Runtime is: 4.8.4018.0 
12/07/2019 17:32:51.827 [Vixen.Sys.VixenSystem] Vixen System starting up... 
12/07/2019 17:32:53.827 [VersionControl.Module] Initializing version control. Enabled:False. 
12/07/2019 17:32:53.827 [VersionControl.Module] Initializing version control complete. 
12/07/2019 17:32:54.109 [Vixen.Sys.State.Execution.OpeningState] Vixen execution engine entering the open state... 
12/07/2019 17:32:54.140 [Vixen.Sys.State.Execution.OpenState] Vixen execution engine entered the open state. 
12/07/2019 17:32:54.140 [Vixen.Sys.VixenSystem] Vixen System successfully started. 
12/07/2019 17:38:25.718 [VixenApplication.NLogListener] Application.MainWindow is null, cannot subscribe to keyboard events, subscribed to Application.Activated event 
12/07/2019 17:38:28.198 [Vixen.Sys.VixenSystem] Vixen System stopping... 
12/07/2019 17:38:28.198 [Vixen.Sys.State.Execution.ClosingState] Vixen execution engine entering the closing state... 
12/07/2019 17:38:28.223 [Vixen.Sys.State.Execution.ClosedState] Vixen execution engine entered the closed state. 
12/07/2019 17:38:28.298 [Vixen.Sys.VixenSystem] Vixen System successfully stopped. 
12/07/2019 17:38:31.162 [VixenApplication.Program] Vixen app starting. 
12/07/2019 17:38:31.599 [VixenApplication.VixenApplication] Starting JIT Profiler 
12/07/2019 17:38:31.599 [VixenApplication.VixenApplication] Completed JIT Profiler 
12/07/2019 17:38:31.615 [VixenApplication.VixenApplication] Processing Profiles 
12/07/2019 17:38:31.615 [VixenApplication.VixenApplication] Finished Processing Profiles 
12/07/2019 17:38:31.630 [VixenApplication.VixenApplication] Release 3.6u3 - Build #927 
12/07/2019 17:38:31.708 [VixenApplication.VixenApplication] .NET Runtime is: 4.8.4018.0 
12/07/2019 17:38:31.755 [Vixen.Sys.VixenSystem] Vixen System starting up... 
12/07/2019 17:38:33.318 [VersionControl.Module] Initializing version control. Enabled:False. 
12/07/2019 17:38:33.318 [VersionControl.Module] Initializing version control complete. 
12/07/2019 17:38:33.552 [Vixen.Sys.State.Execution.OpeningState] Vixen execution engine entering the open state... 
12/07/2019 17:38:33.568 [Vixen.Sys.State.Execution.OpenState] Vixen execution engine entered the open state. 
12/07/2019 17:38:33.583 [Vixen.Sys.VixenSystem] Vixen System successfully started. 
12/07/2019 18:20:54.987 [VixenApplication.NLogListener] Application.MainWindow is null, cannot subscribe to keyboard events, subscribed to Application.Activated event 
12/07/2019 18:28:17.068 [VixenApplication.Program] Vixen app starting. 
12/07/2019 18:28:17.630 [VixenApplication.VixenApplication] Starting JIT Profiler 
12/07/2019 18:28:17.646 [VixenApplication.VixenApplication] Completed JIT Profiler 
12/07/2019 18:28:17.646 [VixenApplication.VixenApplication] Processing Profiles 
12/07/2019 18:28:17.646 [VixenApplication.VixenApplication] Finished Processing Profiles 
12/07/2019 18:28:17.677 [VixenApplication.VixenApplication] Release 3.6u3 - Build #927 
12/07/2019 18:28:17.771 [VixenApplication.VixenApplication] .NET Runtime is: 4.8.4018.0 
12/07/2019 18:28:17.849 [Vixen.Sys.VixenSystem] Vixen System starting up... 
12/07/2019 18:28:20.224 [VersionControl.Module] Initializing version control. Enabled:False. 
12/07/2019 18:28:20.224 [VersionControl.Module] Initializing version control complete. 
12/07/2019 18:28:20.614 [Vixen.Sys.State.Execution.OpeningState] Vixen execution engine entering the open state... 
12/07/2019 18:28:20.646 [Vixen.Sys.State.Execution.OpenState] Vixen execution engine entered the open state. 
12/07/2019 18:28:20.661 [Vixen.Sys.VixenSystem] Vixen System successfully started. 
12/07/2019 18:33:20.537 [VixenApplication.Program] Vixen app starting. 
12/07/2019 18:33:21.115 [VixenApplication.VixenApplication] Starting JIT Profiler 
12/07/2019 18:33:21.115 [VixenApplication.VixenApplication] Completed JIT Profiler 
12/07/2019 18:33:21.115 [VixenApplication.VixenApplication] Processing Profiles 
12/07/2019 18:33:21.130 [VixenApplication.VixenApplication] Finished Processing Profiles 
12/07/2019 18:33:21.146 [VixenApplication.VixenApplication] Release 3.6u3 - Build #927 
12/07/2019 18:33:21.255 [VixenApplication.VixenApplication] .NET Runtime is: 4.8.4018.0 
12/07/2019 18:33:21.286 [Vixen.Sys.VixenSystem] Vixen System starting up... 
12/07/2019 18:33:23.427 [VersionControl.Module] Initializing version control. Enabled:False. 
12/07/2019 18:33:23.427 [VersionControl.Module] Initializing version control complete. 
12/07/2019 18:33:23.708 [Vixen.Sys.State.Execution.OpeningState] Vixen execution engine entering the open state... 
12/07/2019 18:33:23.740 [Vixen.Sys.State.Execution.OpenState] Vixen execution engine entered the open state. 
12/07/2019 18:33:23.740 [Vixen.Sys.VixenSystem] Vixen System successfully started. 
12/07/2019 18:42:06.472 [VixenApplication.Program] Vixen app starting. 
12/07/2019 18:42:06.988 [VixenApplication.VixenApplication] Starting JIT Profiler 
12/07/2019 18:42:07.004 [VixenApplication.VixenApplication] Completed JIT Profiler 
12/07/2019 18:42:07.004 [VixenApplication.VixenApplication] Processing Profiles 
12/07/2019 18:42:07.004 [VixenApplication.VixenApplication] Finished Processing Profiles 
12/07/2019 18:42:07.019 [VixenApplication.VixenApplication] Release 3.6u3 - Build #927 
12/07/2019 18:42:07.113 [VixenApplication.VixenApplication] .NET Runtime is: 4.8.4018.0 
12/07/2019 18:42:07.160 [Vixen.Sys.VixenSystem] Vixen System starting up... 
12/07/2019 18:42:08.847 [VersionControl.Module] Initializing version control. Enabled:False. 
12/07/2019 18:42:08.847 [VersionControl.Module] Initializing version control complete. 
12/07/2019 18:42:09.082 [Vixen.Sys.State.Execution.OpeningState] Vixen execution engine entering the open state... 
12/07/2019 18:42:09.113 [VixenModules.Output.GenericSerial.Module] Starting retry counter for com port access. Retry count is 1 
12/07/2019 18:42:09.113 [Vixen.Sys.State.Execution.OpenState] Vixen execution engine entered the open state. 
12/07/2019 18:42:09.113 [Vixen.Sys.VixenSystem] Vixen System successfully started. 
12/07/2019 18:44:09.123 [VixenModules.Output.GenericSerial.Module] Attempting to start serial controller. 
12/07/2019 18:44:09.123 [VixenModules.Output.GenericSerial.Module] Starting retry counter for com port access. Retry count is 2 
12/07/2019 18:46:09.126 [VixenModules.Output.GenericSerial.Module] Attempting to start serial controller. 
12/07/2019 18:46:09.126 [VixenModules.Output.GenericSerial.Module] Starting retry counter for com port access. Retry count is 3 
12/07/2019 18:47:21.174 [VixenApplication.Program] Vixen app starting. 
12/07/2019 18:47:21.611 [VixenApplication.VixenApplication] Starting JIT Profiler 
12/07/2019 18:47:21.611 [VixenApplication.VixenApplication] Completed JIT Profiler 
12/07/2019 18:47:21.627 [VixenApplication.VixenApplication] Processing Profiles 
12/07/2019 18:47:21.627 [VixenApplication.VixenApplication] Finished Processing Profiles 
12/07/2019 18:47:21.643 [VixenApplication.VixenApplication] Release 3.6u3 - Build #927 
12/07/2019 18:47:21.736 [VixenApplication.VixenApplication] .NET Runtime is: 4.8.4018.0 
12/07/2019 18:47:21.768 [Vixen.Sys.VixenSystem] Vixen System starting up... 
12/07/2019 18:47:23.346 [VersionControl.Module] Initializing version control. Enabled:False. 
12/07/2019 18:47:23.346 [VersionControl.Module] Initializing version control complete. 
12/07/2019 18:47:23.627 [Vixen.Sys.State.Execution.OpeningState] Vixen execution engine entering the open state... 
12/07/2019 18:47:23.642 [VixenModules.Output.GenericSerial.Module] Starting retry counter for com port access. Retry count is 1 
12/07/2019 18:47:23.658 [Vixen.Sys.State.Execution.OpenState] Vixen execution engine entered the open state. 
12/07/2019 18:47:23.658 [Vixen.Sys.VixenSystem] Vixen System successfully started. 
12/07/2019 18:49:23.657 [VixenModules.Output.GenericSerial.Module] Attempting to start serial controller. 
12/07/2019 18:49:23.657 [VixenModules.Output.GenericSerial.Module] Starting retry counter for com port access. Retry count is 2 
12/07/2019 18:51:23.676 [VixenModules.Output.GenericSerial.Module] Attempting to start serial controller. 
12/07/2019 18:51:23.676 [VixenModules.Output.GenericSerial.Module] Starting retry counter for com port access. Retry count is 3 
12/07/2019 18:53:23.685 [VixenModules.Output.GenericSerial.Module] Attempting to start serial controller. 
12/07/2019 18:53:23.685 [VixenModules.Output.GenericSerial.Module] Retry counter for com port access has exceeded max tries.  Controller has been stopped. 
12/07/2019 19:07:56.647 [VixenApplication.Program] Vixen app starting. 
12/07/2019 19:07:57.147 [VixenApplication.VixenApplication] Starting JIT Profiler 
12/07/2019 19:07:57.147 [VixenApplication.VixenApplication] Completed JIT Profiler 
12/07/2019 19:07:57.147 [VixenApplication.VixenApplication] Processing Profiles 
12/07/2019 19:07:57.163 [VixenApplication.VixenApplication] Finished Processing Profiles 
12/07/2019 19:07:57.178 [VixenApplication.VixenApplication] Release 3.6u3 - Build #927 
12/07/2019 19:07:57.257 [VixenApplication.VixenApplication] .NET Runtime is: 4.8.4018.0 
12/07/2019 19:07:57.303 [Vixen.Sys.VixenSystem] Vixen System starting up... 
12/07/2019 19:07:58.803 [VersionControl.Module] Initializing version control. Enabled:False. 
12/07/2019 19:07:58.803 [VersionControl.Module] Initializing version control complete. 
12/07/2019 19:07:59.053 [Vixen.Sys.State.Execution.OpeningState] Vixen execution engine entering the open state... 
12/07/2019 19:07:59.085 [VixenModules.Output.GenericSerial.Module] Starting retry counter for com port access. Retry count is 1 
12/07/2019 19:07:59.085 [Vixen.Sys.State.Execution.OpenState] Vixen execution engine entered the open state. 
12/07/2019 19:07:59.085 [Vixen.Sys.VixenSystem] Vixen System successfully started. 
12/07/2019 19:09:59.093 [VixenModules.Output.GenericSerial.Module] Attempting to start serial controller. 
12/07/2019 19:09:59.103 [VixenModules.Output.GenericSerial.Module] Starting retry counter for com port access. Retry count is 2 
12/07/2019 19:11:59.102 [VixenModules.Output.GenericSerial.Module] Attempting to start serial controller. 
12/07/2019 19:11:59.107 [VixenModules.Output.GenericSerial.Module] Starting retry counter for com port access. Retry count is 3 
12/07/2019 19:13:36.230 [VixenApplication.NLogListener] Application.MainWindow is null, cannot subscribe to keyboard events, subscribed to Application.Activated event 
12/07/2019 19:13:38.850 [Vixen.Sys.VixenSystem] Vixen System stopping... 
12/07/2019 19:13:38.860 [Vixen.Sys.State.Execution.ClosingState] Vixen execution engine entering the closing state... 
12/07/2019 19:13:38.910 [Vixen.Sys.State.Execution.ClosedState] Vixen execution engine entered the closed state. 
12/07/2019 19:13:38.950 [Vixen.Sys.VixenSystem] Vixen System successfully stopped. 
12/07/2019 19:14:29.267 [VixenApplication.Program] Vixen app starting. 
12/07/2019 19:14:29.673 [VixenApplication.VixenApplication] Starting JIT Profiler 
12/07/2019 19:14:29.673 [VixenApplication.VixenApplication] Completed JIT Profiler 
12/07/2019 19:14:29.689 [VixenApplication.VixenApplication] Processing Profiles 
12/07/2019 19:14:29.689 [VixenApplication.VixenApplication] Finished Processing Profiles 
12/07/2019 19:14:29.704 [VixenApplication.VixenApplication] Release 3.6u3 - Build #927 
12/07/2019 19:14:29.798 [VixenApplication.VixenApplication] .NET Runtime is: 4.8.4018.0 
12/07/2019 19:14:29.845 [Vixen.Sys.VixenSystem] Vixen System starting up... 
12/07/2019 19:14:31.454 [VersionControl.Module] Initializing version control. Enabled:False. 
12/07/2019 19:14:31.454 [VersionControl.Module] Initializing version control complete. 
12/07/2019 19:14:31.673 [Vixen.Sys.State.Execution.OpeningState] Vixen execution engine entering the open state... 
12/07/2019 19:14:31.704 [Vixen.Sys.State.Execution.OpenState] Vixen execution engine entered the open state. 
12/07/2019 19:14:31.704 [Vixen.Sys.VixenSystem] Vixen System successfully started. 
12/07/2019 19:28:04.561 [VixenApplication.NLogListener] Application.MainWindow is null, cannot subscribe to keyboard events, subscribed to Application.Activated event 
12/07/2019 19:28:07.532 [Vixen.Sys.VixenSystem] Vixen System stopping... 
12/07/2019 19:28:07.532 [Vixen.Sys.State.Execution.ClosingState] Vixen execution engine entering the closing state... 
12/07/2019 19:28:07.582 [Vixen.Sys.State.Execution.ClosedState] Vixen execution engine entered the closed state. 
12/07/2019 19:28:07.612 [Vixen.Sys.VixenSystem] Vixen System successfully stopped. 
12/07/2019 20:38:34.156 [VixenApplication.Program] Vixen app starting. 
12/07/2019 20:38:42.656 [VixenApplication.VixenApplication] Starting JIT Profiler 
12/07/2019 20:38:42.656 [VixenApplication.VixenApplication] Completed JIT Profiler 
12/07/2019 20:38:42.656 [VixenApplication.VixenApplication] Processing Profiles 
12/07/2019 20:38:42.671 [VixenApplication.VixenApplication] Finished Processing Profiles 
12/07/2019 20:38:42.687 [VixenApplication.VixenApplication] Release 3.6u3 - Build #927 
12/07/2019 20:38:42.843 [VixenApplication.VixenApplication] .NET Runtime is: 4.8.4018.0 
12/07/2019 20:38:42.921 [Vixen.Sys.VixenSystem] Vixen System starting up... 
12/07/2019 20:38:48.759 [VersionControl.Module] Initializing version control. Enabled:False. 
12/07/2019 20:38:48.759 [VersionControl.Module] Initializing version control complete. 
12/07/2019 20:38:49.041 [Vixen.Sys.State.Execution.OpeningState] Vixen execution engine entering the open state... 
12/07/2019 20:38:49.087 [VixenModules.Output.GenericSerial.Module] Starting retry counter for com port access. Retry count is 1 
12/07/2019 20:38:49.087 [Vixen.Sys.State.Execution.OpenState] Vixen execution engine entered the open state. 
12/07/2019 20:38:49.087 [Vixen.Sys.VixenSystem] Vixen System successfully started. 
12/07/2019 20:39:00.366 [Vixen.Sys.VixenSystem] Vixen System stopping... 
12/07/2019 20:39:00.366 [Vixen.Sys.State.Execution.ClosingState] Vixen execution engine entering the closing state... 
12/07/2019 20:39:00.413 [Vixen.Sys.State.Execution.ClosedState] Vixen execution engine entered the closed state. 
12/07/2019 20:39:00.466 [Vixen.Sys.VixenSystem] Vixen System successfully stopped. 
12/07/2019 20:39:03.026 [VixenApplication.Program] Vixen app starting. 
12/07/2019 20:39:03.573 [VixenApplication.VixenApplication] Starting JIT Profiler 
12/07/2019 20:39:03.573 [VixenApplication.VixenApplication] Completed JIT Profiler 
12/07/2019 20:39:03.589 [VixenApplication.VixenApplication] Processing Profiles 
12/07/2019 20:39:03.589 [VixenApplication.VixenApplication] Finished Processing Profiles 
12/07/2019 20:39:03.604 [VixenApplication.VixenApplication] Release 3.6u3 - Build #927 
12/07/2019 20:39:03.698 [VixenApplication.VixenApplication] .NET Runtime is: 4.8.4018.0 
12/07/2019 20:39:03.729 [Vixen.Sys.VixenSystem] Vixen System starting up... 
12/07/2019 20:39:05.307 [VersionControl.Module] Initializing version control. Enabled:False. 
12/07/2019 20:39:05.307 [VersionControl.Module] Initializing version control complete. 
12/07/2019 20:39:05.557 [Vixen.Sys.State.Execution.OpeningState] Vixen execution engine entering the open state... 
12/07/2019 20:39:05.573 [Vixen.Sys.State.Execution.OpenState] Vixen execution engine entered the open state. 
12/07/2019 20:39:05.573 [Vixen.Sys.VixenSystem] Vixen System successfully started. 
12/07/2019 20:46:03.944 [VixenApplication.NLogListener] Application.MainWindow is null, cannot subscribe to keyboard events, subscribed to Application.Activated event 
12/07/2019 21:15:06.353 [VixenApplication.Program] Vixen app starting. 
12/07/2019 21:15:06.822 [VixenApplication.VixenApplication] Starting JIT Profiler 
12/07/2019 21:15:06.837 [VixenApplication.VixenApplication] Completed JIT Profiler 
12/07/2019 21:15:06.837 [VixenApplication.VixenApplication] Processing Profiles 
12/07/2019 21:15:06.837 [VixenApplication.VixenApplication] Finished Processing Profiles 
12/07/2019 21:15:06.853 [VixenApplication.VixenApplication] Release 3.6u3 - Build #927 
12/07/2019 21:15:06.947 [VixenApplication.VixenApplication] .NET Runtime is: 4.8.4018.0 
12/07/2019 21:15:06.993 [Vixen.Sys.VixenSystem] Vixen System starting up... 
12/07/2019 21:15:08.540 [VersionControl.Module] Initializing version control. Enabled:False. 
12/07/2019 21:15:08.540 [VersionControl.Module] Initializing version control complete. 
12/07/2019 21:15:08.759 [Vixen.Sys.State.Execution.OpeningState] Vixen execution engine entering the open state... 
12/07/2019 21:15:08.790 [Vixen.Sys.State.Execution.OpenState] Vixen execution engine entered the open state. 
12/07/2019 21:15:08.790 [Vixen.Sys.VixenSystem] Vixen System successfully started. 
12/07/2019 21:24:54.386 [VixenApplication.NLogListener] Application.MainWindow is null, cannot subscribe to keyboard events, subscribed to Application.Activated event 
12/07/2019 21:25:13.339 [Vixen.Sys.VixenSystem] Vixen System stopping... 
12/07/2019 21:25:13.339 [Vixen.Sys.State.Execution.ClosingState] Vixen execution engine entering the closing state... 
12/07/2019 21:25:13.374 [Vixen.Sys.State.Execution.ClosedState] Vixen execution engine entered the closed state. 
12/07/2019 21:25:13.419 [Vixen.Sys.VixenSystem] Vixen System successfully stopped. 
12/07/2019 21:25:16.814 [VixenApplication.Program] Vixen app starting. 
12/07/2019 21:25:17.296 [VixenApplication.VixenApplication] Starting JIT Profiler 
12/07/2019 21:25:17.311 [VixenApplication.VixenApplication] Completed JIT Profiler 
12/07/2019 21:25:17.311 [VixenApplication.VixenApplication] Processing Profiles 
12/07/2019 21:25:17.311 [VixenApplication.VixenApplication] Finished Processing Profiles 
12/07/2019 21:25:17.333 [VixenApplication.VixenApplication] Release 3.6u3 - Build #927 
12/07/2019 21:25:17.411 [VixenApplication.VixenApplication] .NET Runtime is: 4.8.4018.0 
12/07/2019 21:25:17.465 [Vixen.Sys.VixenSystem] Vixen System starting up... 
12/07/2019 21:25:19.073 [VersionControl.Module] Initializing version control. Enabled:False. 
12/07/2019 21:25:19.073 [VersionControl.Module] Initializing version control complete. 
12/07/2019 21:25:19.296 [Vixen.Sys.State.Execution.OpeningState] Vixen execution engine entering the open state... 
12/07/2019 21:25:19.316 [Vixen.Sys.State.Execution.OpenState] Vixen execution engine entered the open state. 
12/07/2019 21:25:19.316 [Vixen.Sys.VixenSystem] Vixen System successfully started. 
12/07/2019 21:47:24.002 [VixenApplication.Program] Vixen app starting. 
12/07/2019 21:47:24.455 [VixenApplication.VixenApplication] Starting JIT Profiler 
12/07/2019 21:47:24.470 [VixenApplication.VixenApplication] Completed JIT Profiler 
12/07/2019 21:47:24.470 [VixenApplication.VixenApplication] Processing Profiles 
12/07/2019 21:47:24.470 [VixenApplication.VixenApplication] Finished Processing Profiles 
12/07/2019 21:47:24.486 [VixenApplication.VixenApplication] Release 3.6u3 - Build #927 
12/07/2019 21:47:24.580 [VixenApplication.VixenApplication] .NET Runtime is: 4.8.4018.0 
12/07/2019 21:47:24.626 [Vixen.Sys.VixenSystem] Vixen System starting up... 
12/07/2019 21:47:26.298 [VersionControl.Module] Initializing version control. Enabled:False. 
12/07/2019 21:47:26.298 [VersionControl.Module] Initializing version control complete. 
12/07/2019 21:47:26.517 [Vixen.Sys.State.Execution.OpeningState] Vixen execution engine entering the open state... 
12/07/2019 21:47:26.548 [Vixen.Sys.State.Execution.OpenState] Vixen execution engine entered the open state. 
12/07/2019 21:47:26.548 [Vixen.Sys.VixenSystem] Vixen System successfully started. 
12/07/2019 21:49:57.652 [VixenApplication.Program] Vixen app starting. 
12/07/2019 21:49:58.074 [VixenApplication.VixenApplication] Starting JIT Profiler 
12/07/2019 21:49:58.089 [VixenApplication.VixenApplication] Completed JIT Profiler 
12/07/2019 21:49:58.089 [VixenApplication.VixenApplication] Processing Profiles 
12/07/2019 21:49:58.089 [VixenApplication.VixenApplication] Finished Processing Profiles 
12/07/2019 21:49:58.105 [VixenApplication.VixenApplication] Release 3.6u3 - Build #927 
12/07/2019 21:49:58.214 [VixenApplication.VixenApplication] .NET Runtime is: 4.8.4018.0 
12/07/2019 21:49:58.261 [Vixen.Sys.VixenSystem] Vixen System starting up... 
12/07/2019 21:49:59.917 [VersionControl.Module] Initializing version control. Enabled:False. 
12/07/2019 21:49:59.917 [VersionControl.Module] Initializing version control complete. 
12/07/2019 21:50:00.167 [Vixen.Sys.State.Execution.OpeningState] Vixen execution engine entering the open state... 
12/07/2019 21:50:00.183 [Vixen.Sys.State.Execution.OpenState] Vixen execution engine entered the open state. 
12/07/2019 21:50:00.183 [Vixen.Sys.VixenSystem] Vixen System successfully started. 
12/07/2019 22:37:53.794 [VixenApplication.NLogListener] Application.MainWindow is null, cannot subscribe to keyboard events, subscribed to Application.Activated event 
12/07/2019 22:37:56.603 [Vixen.Sys.VixenSystem] Vixen System stopping... 
12/07/2019 22:37:56.603 [Vixen.Sys.State.Execution.ClosingState] Vixen execution engine entering the closing state... 
12/07/2019 22:37:56.634 [Vixen.Sys.State.Execution.ClosedState] Vixen execution engine entered the closed state. 
12/07/2019 22:37:56.704 [Vixen.Sys.VixenSystem] Vixen System successfully stopped. 
