12/09/2019 15:16:22.125 [VixenApplication.Program] Vixen app starting. 
12/09/2019 15:16:22.875 [VixenApplication.VixenApplication] Starting JIT Profiler 
12/09/2019 15:16:22.890 [VixenApplication.VixenApplication] Completed JIT Profiler 
12/09/2019 15:16:22.890 [VixenApplication.VixenApplication] Processing Profiles 
12/09/2019 15:16:22.890 [VixenApplication.VixenApplication] Finished Processing Profiles 
12/09/2019 15:16:22.922 [VixenApplication.VixenApplication] Release 3.6u3 - Build #927 
12/09/2019 15:16:23.062 [VixenApplication.VixenApplication] .NET Runtime is: 4.8.4018.0 
12/09/2019 15:16:23.140 [Vixen.Sys.VixenSystem] Vixen System starting up... 
12/09/2019 15:16:25.125 [VersionControl.Module] Initializing version control. Enabled:False. 
12/09/2019 15:16:25.140 [VersionControl.Module] Initializing version control complete. 
12/09/2019 15:16:25.468 [Vixen.Sys.State.Execution.OpeningState] Vixen execution engine entering the open state... 
12/09/2019 15:16:25.500 [Vixen.Sys.State.Execution.OpenState] Vixen execution engine entered the open state. 
12/09/2019 15:16:25.500 [Vixen.Sys.VixenSystem] Vixen System successfully started. 
12/09/2019 18:14:50.881 [VixenApplication.NLogListener] Application.MainWindow is null, cannot subscribe to keyboard events, subscribed to Application.Activated event 
12/09/2019 18:17:47.409 [Vixen.Sys.State.Execution.ClosingState] Vixen execution engine entering the closing state... 
12/09/2019 18:17:47.462 [Vixen.Sys.State.Execution.ClosedState] Vixen execution engine entered the closed state. 
12/09/2019 18:17:47.479 [Vixen.Sys.State.Execution.OpeningState] Vixen execution engine entering the open state... 
12/09/2019 18:17:47.479 [Vixen.Sys.State.Execution.OpenState] Vixen execution engine entered the open state. 
12/09/2019 18:17:48.729 [Vixen.Sys.VixenSystem] Vixen System stopping... 
12/09/2019 18:17:48.729 [Vixen.Sys.State.Execution.ClosingState] Vixen execution engine entering the closing state... 
12/09/2019 18:17:48.759 [Vixen.Sys.State.Execution.ClosedState] Vixen execution engine entered the closed state. 
12/09/2019 18:17:48.808 [Vixen.Sys.VixenSystem] Vixen System successfully stopped. 
12/09/2019 18:19:15.369 [VixenApplication.Program] Vixen app starting. 
12/09/2019 18:19:15.885 [VixenApplication.VixenApplication] Starting JIT Profiler 
12/09/2019 18:19:15.900 [VixenApplication.VixenApplication] Completed JIT Profiler 
12/09/2019 18:19:15.900 [VixenApplication.VixenApplication] Processing Profiles 
12/09/2019 18:19:15.900 [VixenApplication.VixenApplication] Finished Processing Profiles 
12/09/2019 18:19:15.916 [VixenApplication.VixenApplication] Release 3.6u3 - Build #927 
12/09/2019 18:19:16.025 [VixenApplication.VixenApplication] .NET Runtime is: 4.8.4018.0 
12/09/2019 18:19:16.072 [Vixen.Sys.VixenSystem] Vixen System starting up... 
12/09/2019 18:19:18.025 [VersionControl.Module] Initializing version control. Enabled:False. 
12/09/2019 18:19:18.025 [VersionControl.Module] Initializing version control complete. 
12/09/2019 18:19:18.291 [Vixen.Sys.State.Execution.OpeningState] Vixen execution engine entering the open state... 
12/09/2019 18:19:18.306 [Vixen.Sys.State.Execution.OpenState] Vixen execution engine entered the open state. 
12/09/2019 18:19:18.306 [Vixen.Sys.VixenSystem] Vixen System successfully started. 
12/09/2019 18:19:47.402 [Vixen.Sys.VixenSystem] Saving System Config. 
12/09/2019 18:19:47.418 [Vixen.Sys.VixenSystem] Saving Module Config. 
12/09/2019 18:19:47.465 [Vixen.Sys.VixenSystem] System Config saved. 
12/09/2019 18:19:47.503 [Vixen.Sys.VixenSystem] Module Config saved. 
12/09/2019 18:20:18.844 [VixenApplication.NLogListener] Application.MainWindow is null, cannot subscribe to keyboard events, subscribed to Application.Activated event 
12/09/2019 18:20:21.794 [Vixen.Sys.VixenSystem] Vixen System stopping... 
12/09/2019 18:20:21.794 [Vixen.Sys.State.Execution.ClosingState] Vixen execution engine entering the closing state... 
12/09/2019 18:20:21.843 [Vixen.Sys.State.Execution.ClosedState] Vixen execution engine entered the closed state. 
12/09/2019 18:20:21.874 [Vixen.Sys.VixenSystem] Vixen System successfully stopped. 
12/09/2019 18:20:44.666 [VixenApplication.Program] Vixen app starting. 
12/09/2019 18:20:45.088 [VixenApplication.VixenApplication] Starting JIT Profiler 
12/09/2019 18:20:45.104 [VixenApplication.VixenApplication] Completed JIT Profiler 
12/09/2019 18:20:45.104 [VixenApplication.VixenApplication] Processing Profiles 
12/09/2019 18:20:45.104 [VixenApplication.VixenApplication] Finished Processing Profiles 
12/09/2019 18:20:45.120 [VixenApplication.VixenApplication] Release 3.6u3 - Build #927 
12/09/2019 18:20:45.260 [VixenApplication.VixenApplication] .NET Runtime is: 4.8.4018.0 
12/09/2019 18:20:45.307 [Vixen.Sys.VixenSystem] Vixen System starting up... 
12/09/2019 18:20:46.932 [VersionControl.Module] Initializing version control. Enabled:False. 
12/09/2019 18:20:46.948 [VersionControl.Module] Initializing version control complete. 
12/09/2019 18:20:47.198 [Vixen.Sys.State.Execution.OpeningState] Vixen execution engine entering the open state... 
12/09/2019 18:20:47.213 [Vixen.Sys.State.Execution.OpenState] Vixen execution engine entered the open state. 
12/09/2019 18:20:47.213 [Vixen.Sys.VixenSystem] Vixen System successfully started. 
12/09/2019 18:22:17.042 [VixenApplication.NLogListener] Application.MainWindow is null, cannot subscribe to keyboard events, subscribed to Application.Activated event 
12/09/2019 18:22:20.662 [Vixen.Sys.VixenSystem] Vixen System stopping... 
12/09/2019 18:22:20.672 [Vixen.Sys.State.Execution.ClosingState] Vixen execution engine entering the closing state... 
12/09/2019 18:22:20.713 [Vixen.Sys.State.Execution.ClosedState] Vixen execution engine entered the closed state. 
12/09/2019 18:22:20.767 [Vixen.Sys.VixenSystem] Vixen System successfully stopped. 
