12/06/2019 10:16:48.224 [VixenModules.App.WebServer.Module] Unable to start web _server. System.Reflection.TargetInvocationException: Exception has been thrown by the target of an invocation. ---> System.Net.Sockets.SocketException: An attempt was made to access a socket in a way forbidden by its access permissions
   at System.Net.Sockets.Socket.DoBind(EndPoint endPointSnapshot, SocketAddress socketAddress)
   at System.Net.Sockets.Socket.Bind(EndPoint localEP)
   at Nowin.Server.Start()
   at Nowin.OwinServerFactory.Create(Func`2 app, IDictionary`2 properties)
   --- End of inner exception stack trace ---
   at System.RuntimeMethodHandle.InvokeMethod(Object target, Object[] arguments, Signature sig, Boolean constructor)
   at System.Reflection.RuntimeMethodInfo.UnsafeInvokeInternal(Object obj, Object[] parameters, Object[] arguments)
   at System.Reflection.RuntimeMethodInfo.Invoke(Object obj, BindingFlags invokeAttr, Binder binder, Object[] parameters, CultureInfo culture)
   at Microsoft.Owin.Hosting.ServerFactory.ServerFactoryAdapter.Create(IAppBuilder builder)
   at Microsoft.Owin.Hosting.Engine.HostingEngine.Start(StartContext context)
   at Microsoft.Owin.Hosting.Starter.HostingStarter.Start(StartOptions options)
   at VixenModules.App.WebServer.Module._SetServerEnableState(Boolean value, Int32 port)    at System.RuntimeMethodHandle.InvokeMethod(Object target, Object[] arguments, Signature sig, Boolean constructor)
   at System.Reflection.RuntimeMethodInfo.UnsafeInvokeInternal(Object obj, Object[] parameters, Object[] arguments)
   at System.Reflection.RuntimeMethodInfo.Invoke(Object obj, BindingFlags invokeAttr, Binder binder, Object[] parameters, CultureInfo culture)
   at Microsoft.Owin.Hosting.ServerFactory.ServerFactoryAdapter.Create(IAppBuilder builder)
   at Microsoft.Owin.Hosting.Engine.HostingEngine.Start(StartContext context)
   at Microsoft.Owin.Hosting.Starter.HostingStarter.Start(StartOptions options)
   at VixenModules.App.WebServer.Module._SetServerEnableState(Boolean value, Int32 port)
12/06/2019 10:16:48.271 [VixenModules.Output.GenericSerial.Module] COM9 could not be opened because The port 'COM9' does not exist..  Starting controller retry timer for controller type d22c9233-16e9-4008-a215-e577f78a7a2e 
12/06/2019 10:45:10.012 [VixenModules.App.WebServer.Module] Unable to start web _server. System.Reflection.TargetInvocationException: Exception has been thrown by the target of an invocation. ---> System.Net.Sockets.SocketException: An attempt was made to access a socket in a way forbidden by its access permissions
   at System.Net.Sockets.Socket.DoBind(EndPoint endPointSnapshot, SocketAddress socketAddress)
   at System.Net.Sockets.Socket.Bind(EndPoint localEP)
   at Nowin.Server.Start()
   at Nowin.OwinServerFactory.Create(Func`2 app, IDictionary`2 properties)
   --- End of inner exception stack trace ---
   at System.RuntimeMethodHandle.InvokeMethod(Object target, Object[] arguments, Signature sig, Boolean constructor)
   at System.Reflection.RuntimeMethodInfo.UnsafeInvokeInternal(Object obj, Object[] parameters, Object[] arguments)
   at System.Reflection.RuntimeMethodInfo.Invoke(Object obj, BindingFlags invokeAttr, Binder binder, Object[] parameters, CultureInfo culture)
   at Microsoft.Owin.Hosting.ServerFactory.ServerFactoryAdapter.Create(IAppBuilder builder)
   at Microsoft.Owin.Hosting.Engine.HostingEngine.Start(StartContext context)
   at Microsoft.Owin.Hosting.Starter.HostingStarter.Start(StartOptions options)
   at VixenModules.App.WebServer.Module._SetServerEnableState(Boolean value, Int32 port)    at System.RuntimeMethodHandle.InvokeMethod(Object target, Object[] arguments, Signature sig, Boolean constructor)
   at System.Reflection.RuntimeMethodInfo.UnsafeInvokeInternal(Object obj, Object[] parameters, Object[] arguments)
   at System.Reflection.RuntimeMethodInfo.Invoke(Object obj, BindingFlags invokeAttr, Binder binder, Object[] parameters, CultureInfo culture)
   at Microsoft.Owin.Hosting.ServerFactory.ServerFactoryAdapter.Create(IAppBuilder builder)
   at Microsoft.Owin.Hosting.Engine.HostingEngine.Start(StartContext context)
   at Microsoft.Owin.Hosting.Starter.HostingStarter.Start(StartOptions options)
   at VixenModules.App.WebServer.Module._SetServerEnableState(Boolean value, Int32 port)
12/06/2019 10:49:04.442 [VixenModules.App.WebServer.Module] Unable to start web _server. System.Reflection.TargetInvocationException: Exception has been thrown by the target of an invocation. ---> System.Net.Sockets.SocketException: An attempt was made to access a socket in a way forbidden by its access permissions
   at System.Net.Sockets.Socket.DoBind(EndPoint endPointSnapshot, SocketAddress socketAddress)
   at System.Net.Sockets.Socket.Bind(EndPoint localEP)
   at Nowin.Server.Start()
   at Nowin.OwinServerFactory.Create(Func`2 app, IDictionary`2 properties)
   --- End of inner exception stack trace ---
   at System.RuntimeMethodHandle.InvokeMethod(Object target, Object[] arguments, Signature sig, Boolean constructor)
   at System.Reflection.RuntimeMethodInfo.UnsafeInvokeInternal(Object obj, Object[] parameters, Object[] arguments)
   at System.Reflection.RuntimeMethodInfo.Invoke(Object obj, BindingFlags invokeAttr, Binder binder, Object[] parameters, CultureInfo culture)
   at Microsoft.Owin.Hosting.ServerFactory.ServerFactoryAdapter.Create(IAppBuilder builder)
   at Microsoft.Owin.Hosting.Engine.HostingEngine.Start(StartContext context)
   at Microsoft.Owin.Hosting.Starter.HostingStarter.Start(StartOptions options)
   at VixenModules.App.WebServer.Module._SetServerEnableState(Boolean value, Int32 port)    at System.RuntimeMethodHandle.InvokeMethod(Object target, Object[] arguments, Signature sig, Boolean constructor)
   at System.Reflection.RuntimeMethodInfo.UnsafeInvokeInternal(Object obj, Object[] parameters, Object[] arguments)
   at System.Reflection.RuntimeMethodInfo.Invoke(Object obj, BindingFlags invokeAttr, Binder binder, Object[] parameters, CultureInfo culture)
   at Microsoft.Owin.Hosting.ServerFactory.ServerFactoryAdapter.Create(IAppBuilder builder)
   at Microsoft.Owin.Hosting.Engine.HostingEngine.Start(StartContext context)
   at Microsoft.Owin.Hosting.Starter.HostingStarter.Start(StartOptions options)
   at VixenModules.App.WebServer.Module._SetServerEnableState(Boolean value, Int32 port)
12/06/2019 11:08:11.938 [VixenModules.App.WebServer.Module] Unable to start web _server. System.Reflection.TargetInvocationException: Exception has been thrown by the target of an invocation. ---> System.Net.Sockets.SocketException: An attempt was made to access a socket in a way forbidden by its access permissions
   at System.Net.Sockets.Socket.DoBind(EndPoint endPointSnapshot, SocketAddress socketAddress)
   at System.Net.Sockets.Socket.Bind(EndPoint localEP)
   at Nowin.Server.Start()
   at Nowin.OwinServerFactory.Create(Func`2 app, IDictionary`2 properties)
   --- End of inner exception stack trace ---
   at System.RuntimeMethodHandle.InvokeMethod(Object target, Object[] arguments, Signature sig, Boolean constructor)
   at System.Reflection.RuntimeMethodInfo.UnsafeInvokeInternal(Object obj, Object[] parameters, Object[] arguments)
   at System.Reflection.RuntimeMethodInfo.Invoke(Object obj, BindingFlags invokeAttr, Binder binder, Object[] parameters, CultureInfo culture)
   at Microsoft.Owin.Hosting.ServerFactory.ServerFactoryAdapter.Create(IAppBuilder builder)
   at Microsoft.Owin.Hosting.Engine.HostingEngine.Start(StartContext context)
   at Microsoft.Owin.Hosting.Starter.HostingStarter.Start(StartOptions options)
   at VixenModules.App.WebServer.Module._SetServerEnableState(Boolean value, Int32 port)    at System.RuntimeMethodHandle.InvokeMethod(Object target, Object[] arguments, Signature sig, Boolean constructor)
   at System.Reflection.RuntimeMethodInfo.UnsafeInvokeInternal(Object obj, Object[] parameters, Object[] arguments)
   at System.Reflection.RuntimeMethodInfo.Invoke(Object obj, BindingFlags invokeAttr, Binder binder, Object[] parameters, CultureInfo culture)
   at Microsoft.Owin.Hosting.ServerFactory.ServerFactoryAdapter.Create(IAppBuilder builder)
   at Microsoft.Owin.Hosting.Engine.HostingEngine.Start(StartContext context)
   at Microsoft.Owin.Hosting.Starter.HostingStarter.Start(StartOptions options)
   at VixenModules.App.WebServer.Module._SetServerEnableState(Boolean value, Int32 port)
12/06/2019 13:15:32.194 [VixenModules.App.WebServer.Module] Unable to start web _server. System.Reflection.TargetInvocationException: Exception has been thrown by the target of an invocation. ---> System.Net.Sockets.SocketException: An attempt was made to access a socket in a way forbidden by its access permissions
   at System.Net.Sockets.Socket.DoBind(EndPoint endPointSnapshot, SocketAddress socketAddress)
   at System.Net.Sockets.Socket.Bind(EndPoint localEP)
   at Nowin.Server.Start()
   at Nowin.OwinServerFactory.Create(Func`2 app, IDictionary`2 properties)
   --- End of inner exception stack trace ---
   at System.RuntimeMethodHandle.InvokeMethod(Object target, Object[] arguments, Signature sig, Boolean constructor)
   at System.Reflection.RuntimeMethodInfo.UnsafeInvokeInternal(Object obj, Object[] parameters, Object[] arguments)
   at System.Reflection.RuntimeMethodInfo.Invoke(Object obj, BindingFlags invokeAttr, Binder binder, Object[] parameters, CultureInfo culture)
   at Microsoft.Owin.Hosting.ServerFactory.ServerFactoryAdapter.Create(IAppBuilder builder)
   at Microsoft.Owin.Hosting.Engine.HostingEngine.Start(StartContext context)
   at Microsoft.Owin.Hosting.Starter.HostingStarter.Start(StartOptions options)
   at VixenModules.App.WebServer.Module._SetServerEnableState(Boolean value, Int32 port)    at System.RuntimeMethodHandle.InvokeMethod(Object target, Object[] arguments, Signature sig, Boolean constructor)
   at System.Reflection.RuntimeMethodInfo.UnsafeInvokeInternal(Object obj, Object[] parameters, Object[] arguments)
   at System.Reflection.RuntimeMethodInfo.Invoke(Object obj, BindingFlags invokeAttr, Binder binder, Object[] parameters, CultureInfo culture)
   at Microsoft.Owin.Hosting.ServerFactory.ServerFactoryAdapter.Create(IAppBuilder builder)
   at Microsoft.Owin.Hosting.Engine.HostingEngine.Start(StartContext context)
   at Microsoft.Owin.Hosting.Starter.HostingStarter.Start(StartOptions options)
   at VixenModules.App.WebServer.Module._SetServerEnableState(Boolean value, Int32 port)
12/06/2019 13:15:32.244 [VixenModules.Output.GenericSerial.Module] COM12 could not be opened because The port 'COM12' does not exist..  Starting controller retry timer for controller type d22c9233-16e9-4008-a215-e577f78a7a2e 
12/06/2019 13:17:32.270 [VixenModules.Output.GenericSerial.Module] COM12 could not be opened because The port 'COM12' does not exist..  Starting controller retry timer for controller type d22c9233-16e9-4008-a215-e577f78a7a2e 
12/06/2019 13:19:32.278 [VixenModules.Output.GenericSerial.Module] COM12 could not be opened because The port 'COM12' does not exist..  Starting controller retry timer for controller type d22c9233-16e9-4008-a215-e577f78a7a2e 
12/06/2019 13:34:30.474 [VixenModules.App.WebServer.Module] Unable to start web _server. System.Reflection.TargetInvocationException: Exception has been thrown by the target of an invocation. ---> System.Net.Sockets.SocketException: An attempt was made to access a socket in a way forbidden by its access permissions
   at System.Net.Sockets.Socket.DoBind(EndPoint endPointSnapshot, SocketAddress socketAddress)
   at System.Net.Sockets.Socket.Bind(EndPoint localEP)
   at Nowin.Server.Start()
   at Nowin.OwinServerFactory.Create(Func`2 app, IDictionary`2 properties)
   --- End of inner exception stack trace ---
   at System.RuntimeMethodHandle.InvokeMethod(Object target, Object[] arguments, Signature sig, Boolean constructor)
   at System.Reflection.RuntimeMethodInfo.UnsafeInvokeInternal(Object obj, Object[] parameters, Object[] arguments)
   at System.Reflection.RuntimeMethodInfo.Invoke(Object obj, BindingFlags invokeAttr, Binder binder, Object[] parameters, CultureInfo culture)
   at Microsoft.Owin.Hosting.ServerFactory.ServerFactoryAdapter.Create(IAppBuilder builder)
   at Microsoft.Owin.Hosting.Engine.HostingEngine.Start(StartContext context)
   at Microsoft.Owin.Hosting.Starter.HostingStarter.Start(StartOptions options)
   at VixenModules.App.WebServer.Module._SetServerEnableState(Boolean value, Int32 port)    at System.RuntimeMethodHandle.InvokeMethod(Object target, Object[] arguments, Signature sig, Boolean constructor)
   at System.Reflection.RuntimeMethodInfo.UnsafeInvokeInternal(Object obj, Object[] parameters, Object[] arguments)
   at System.Reflection.RuntimeMethodInfo.Invoke(Object obj, BindingFlags invokeAttr, Binder binder, Object[] parameters, CultureInfo culture)
   at Microsoft.Owin.Hosting.ServerFactory.ServerFactoryAdapter.Create(IAppBuilder builder)
   at Microsoft.Owin.Hosting.Engine.HostingEngine.Start(StartContext context)
   at Microsoft.Owin.Hosting.Starter.HostingStarter.Start(StartOptions options)
   at VixenModules.App.WebServer.Module._SetServerEnableState(Boolean value, Int32 port)
12/06/2019 13:34:30.505 [VixenModules.Output.GenericSerial.Module] COM12 could not be opened because The port 'COM12' does not exist..  Starting controller retry timer for controller type d22c9233-16e9-4008-a215-e577f78a7a2e 
12/06/2019 13:36:30.537 [VixenModules.Output.GenericSerial.Module] COM12 could not be opened because The port 'COM12' does not exist..  Starting controller retry timer for controller type d22c9233-16e9-4008-a215-e577f78a7a2e 
12/06/2019 13:38:30.546 [VixenModules.Output.GenericSerial.Module] COM12 could not be opened because The port 'COM12' does not exist..  Starting controller retry timer for controller type d22c9233-16e9-4008-a215-e577f78a7a2e 
12/06/2019 13:40:12.949 [VixenModules.App.WebServer.Module] Unable to start web _server. System.Reflection.TargetInvocationException: Exception has been thrown by the target of an invocation. ---> System.Net.Sockets.SocketException: An attempt was made to access a socket in a way forbidden by its access permissions
   at System.Net.Sockets.Socket.DoBind(EndPoint endPointSnapshot, SocketAddress socketAddress)
   at System.Net.Sockets.Socket.Bind(EndPoint localEP)
   at Nowin.Server.Start()
   at Nowin.OwinServerFactory.Create(Func`2 app, IDictionary`2 properties)
   --- End of inner exception stack trace ---
   at System.RuntimeMethodHandle.InvokeMethod(Object target, Object[] arguments, Signature sig, Boolean constructor)
   at System.Reflection.RuntimeMethodInfo.UnsafeInvokeInternal(Object obj, Object[] parameters, Object[] arguments)
   at System.Reflection.RuntimeMethodInfo.Invoke(Object obj, BindingFlags invokeAttr, Binder binder, Object[] parameters, CultureInfo culture)
   at Microsoft.Owin.Hosting.ServerFactory.ServerFactoryAdapter.Create(IAppBuilder builder)
   at Microsoft.Owin.Hosting.Engine.HostingEngine.Start(StartContext context)
   at Microsoft.Owin.Hosting.Starter.HostingStarter.Start(StartOptions options)
   at VixenModules.App.WebServer.Module._SetServerEnableState(Boolean value, Int32 port)    at System.RuntimeMethodHandle.InvokeMethod(Object target, Object[] arguments, Signature sig, Boolean constructor)
   at System.Reflection.RuntimeMethodInfo.UnsafeInvokeInternal(Object obj, Object[] parameters, Object[] arguments)
   at System.Reflection.RuntimeMethodInfo.Invoke(Object obj, BindingFlags invokeAttr, Binder binder, Object[] parameters, CultureInfo culture)
   at Microsoft.Owin.Hosting.ServerFactory.ServerFactoryAdapter.Create(IAppBuilder builder)
   at Microsoft.Owin.Hosting.Engine.HostingEngine.Start(StartContext context)
   at Microsoft.Owin.Hosting.Starter.HostingStarter.Start(StartOptions options)
   at VixenModules.App.WebServer.Module._SetServerEnableState(Boolean value, Int32 port)
12/06/2019 13:40:12.980 [VixenModules.Output.GenericSerial.Module] COM12 could not be opened because The port 'COM12' does not exist..  Starting controller retry timer for controller type d22c9233-16e9-4008-a215-e577f78a7a2e 
12/06/2019 13:56:08.273 [VixenModules.App.WebServer.Module] Unable to start web _server. System.Reflection.TargetInvocationException: Exception has been thrown by the target of an invocation. ---> System.Net.Sockets.SocketException: An attempt was made to access a socket in a way forbidden by its access permissions
   at System.Net.Sockets.Socket.DoBind(EndPoint endPointSnapshot, SocketAddress socketAddress)
   at System.Net.Sockets.Socket.Bind(EndPoint localEP)
   at Nowin.Server.Start()
   at Nowin.OwinServerFactory.Create(Func`2 app, IDictionary`2 properties)
   --- End of inner exception stack trace ---
   at System.RuntimeMethodHandle.InvokeMethod(Object target, Object[] arguments, Signature sig, Boolean constructor)
   at System.Reflection.RuntimeMethodInfo.UnsafeInvokeInternal(Object obj, Object[] parameters, Object[] arguments)
   at System.Reflection.RuntimeMethodInfo.Invoke(Object obj, BindingFlags invokeAttr, Binder binder, Object[] parameters, CultureInfo culture)
   at Microsoft.Owin.Hosting.ServerFactory.ServerFactoryAdapter.Create(IAppBuilder builder)
   at Microsoft.Owin.Hosting.Engine.HostingEngine.Start(StartContext context)
   at Microsoft.Owin.Hosting.Starter.HostingStarter.Start(StartOptions options)
   at VixenModules.App.WebServer.Module._SetServerEnableState(Boolean value, Int32 port)    at System.RuntimeMethodHandle.InvokeMethod(Object target, Object[] arguments, Signature sig, Boolean constructor)
   at System.Reflection.RuntimeMethodInfo.UnsafeInvokeInternal(Object obj, Object[] parameters, Object[] arguments)
   at System.Reflection.RuntimeMethodInfo.Invoke(Object obj, BindingFlags invokeAttr, Binder binder, Object[] parameters, CultureInfo culture)
   at Microsoft.Owin.Hosting.ServerFactory.ServerFactoryAdapter.Create(IAppBuilder builder)
   at Microsoft.Owin.Hosting.Engine.HostingEngine.Start(StartContext context)
   at Microsoft.Owin.Hosting.Starter.HostingStarter.Start(StartOptions options)
   at VixenModules.App.WebServer.Module._SetServerEnableState(Boolean value, Int32 port)
12/06/2019 16:44:54.593 [VixenModules.App.WebServer.Module] Unable to start web _server. System.Reflection.TargetInvocationException: Exception has been thrown by the target of an invocation. ---> System.Net.Sockets.SocketException: An attempt was made to access a socket in a way forbidden by its access permissions
   at System.Net.Sockets.Socket.Listen(Int32 backlog)
   at Nowin.Server.Start()
   at Nowin.OwinServerFactory.Create(Func`2 app, IDictionary`2 properties)
   --- End of inner exception stack trace ---
   at System.RuntimeMethodHandle.InvokeMethod(Object target, Object[] arguments, Signature sig, Boolean constructor)
   at System.Reflection.RuntimeMethodInfo.UnsafeInvokeInternal(Object obj, Object[] parameters, Object[] arguments)
   at System.Reflection.RuntimeMethodInfo.Invoke(Object obj, BindingFlags invokeAttr, Binder binder, Object[] parameters, CultureInfo culture)
   at Microsoft.Owin.Hosting.ServerFactory.ServerFactoryAdapter.Create(IAppBuilder builder)
   at Microsoft.Owin.Hosting.Engine.HostingEngine.Start(StartContext context)
   at Microsoft.Owin.Hosting.Starter.HostingStarter.Start(StartOptions options)
   at VixenModules.App.WebServer.Module._SetServerEnableState(Boolean value, Int32 port)    at System.RuntimeMethodHandle.InvokeMethod(Object target, Object[] arguments, Signature sig, Boolean constructor)
   at System.Reflection.RuntimeMethodInfo.UnsafeInvokeInternal(Object obj, Object[] parameters, Object[] arguments)
   at System.Reflection.RuntimeMethodInfo.Invoke(Object obj, BindingFlags invokeAttr, Binder binder, Object[] parameters, CultureInfo culture)
   at Microsoft.Owin.Hosting.ServerFactory.ServerFactoryAdapter.Create(IAppBuilder builder)
   at Microsoft.Owin.Hosting.Engine.HostingEngine.Start(StartContext context)
   at Microsoft.Owin.Hosting.Starter.HostingStarter.Start(StartOptions options)
   at VixenModules.App.WebServer.Module._SetServerEnableState(Boolean value, Int32 port)
12/06/2019 16:53:31.025 [VixenModules.App.WebServer.Module] Unable to start web _server. System.Reflection.TargetInvocationException: Exception has been thrown by the target of an invocation. ---> System.Net.Sockets.SocketException: An attempt was made to access a socket in a way forbidden by its access permissions
   at System.Net.Sockets.Socket.Listen(Int32 backlog)
   at Nowin.Server.Start()
   at Nowin.OwinServerFactory.Create(Func`2 app, IDictionary`2 properties)
   --- End of inner exception stack trace ---
   at System.RuntimeMethodHandle.InvokeMethod(Object target, Object[] arguments, Signature sig, Boolean constructor)
   at System.Reflection.RuntimeMethodInfo.UnsafeInvokeInternal(Object obj, Object[] parameters, Object[] arguments)
   at System.Reflection.RuntimeMethodInfo.Invoke(Object obj, BindingFlags invokeAttr, Binder binder, Object[] parameters, CultureInfo culture)
   at Microsoft.Owin.Hosting.ServerFactory.ServerFactoryAdapter.Create(IAppBuilder builder)
   at Microsoft.Owin.Hosting.Engine.HostingEngine.Start(StartContext context)
   at Microsoft.Owin.Hosting.Starter.HostingStarter.Start(StartOptions options)
   at VixenModules.App.WebServer.Module._SetServerEnableState(Boolean value, Int32 port)    at System.RuntimeMethodHandle.InvokeMethod(Object target, Object[] arguments, Signature sig, Boolean constructor)
   at System.Reflection.RuntimeMethodInfo.UnsafeInvokeInternal(Object obj, Object[] parameters, Object[] arguments)
   at System.Reflection.RuntimeMethodInfo.Invoke(Object obj, BindingFlags invokeAttr, Binder binder, Object[] parameters, CultureInfo culture)
   at Microsoft.Owin.Hosting.ServerFactory.ServerFactoryAdapter.Create(IAppBuilder builder)
   at Microsoft.Owin.Hosting.Engine.HostingEngine.Start(StartContext context)
   at Microsoft.Owin.Hosting.Starter.HostingStarter.Start(StartOptions options)
   at VixenModules.App.WebServer.Module._SetServerEnableState(Boolean value, Int32 port)
